Using pre-set license
Built from '2020.3/staging' branch; Version is '2020.3.8f1 (507919d4fff5) revision 5273881'; Using compiler version '192528614'; Build Type 'Release'
OS: 'Windows 10 Pro; OS build 19042.985; Version 2009; 64bit' Language: 'ko' Physical Memory: 16221 MB
BatchMode: 1, IsHumanControllingUs: 0, StartBugReporterOnCrash: 0, Is64bit: 1, IsPro: 0

 COMMAND LINE ARGUMENTS:
D:\Program Files\2020.3.8f1\Editor\Unity.exe
-adb2
-batchMode
-noUpm
-name
AssetImportWorker0
-projectPath
C:/Users/준호/Documents/GitHub/UnityGitTest01-/Sample_2D_01
-logFile
Logs/AssetImportWorker0.log
-srvPort
51577
Successfully changed project path to: C:/Users/준호/Documents/GitHub/UnityGitTest01-/Sample_2D_01
C:/Users/준호/Documents/GitHub/UnityGitTest01-/Sample_2D_01
Using Asset Import Pipeline V2.
Unable to join player connection multicast group.

Refreshing native plugins compatible for Editor in 47.42 ms, found 1 plugins.
Preloading 0 native plugins for Editor in 0.00 ms.
Initialize engine version: 2020.3.8f1 (507919d4fff5)
[Subsystems] Discovering subsystems at path D:/Program Files/2020.3.8f1/Editor/Data/Resources/UnitySubsystems
[Subsystems] Discovering subsystems at path C:/Users/준호/Documents/GitHub/UnityGitTest01-/Sample_2D_01/Assets
GfxDevice: creating device client; threaded=0
Direct3D:
    Version:  Direct3D 11.0 [level 11.1]
    Renderer: NVIDIA GeForce MX250 (ID=0x1d13)
    Vendor:   
    VRAM:     1983 MB
    Driver:   27.21.14.5269
Initialize mono
Mono path[0] = 'D:/Program Files/2020.3.8f1/Editor/Data/Managed'
Mono path[1] = 'D:/Program Files/2020.3.8f1/Editor/Data/MonoBleedingEdge/lib/mono/unityjit'
Mono config path = 'D:/Program Files/2020.3.8f1/Editor/Data/MonoBleedingEdge/etc'
Using monoOptions --debugger-agent=transport=dt_socket,embedding=1,server=y,suspend=n,address=127.0.0.1:56412
Begin MonoManager ReloadAssembly
Registering precompiled unity dll's ...
Register platform support module: D:/Program Files/2020.3.8f1/Editor/Data/PlaybackEngines/WindowsStandaloneSupport/UnityEditor.WindowsStandalone.Extensions.dll
Registered in 0.001447 seconds.
Native extension for WindowsStandalone target not found
Refreshing native plugins compatible for Editor in 47.05 ms, found 1 plugins.
Preloading 0 native plugins for Editor in 0.00 ms.
Mono: successfully reloaded assembly
- Completed reload, in  3.354 seconds
Platform modules already initialized, skipping
Registering precompiled user dll's ...
Registered in 0.002003 seconds.
Begin MonoManager ReloadAssembly
Native extension for WindowsStandalone target not found
Refreshing native plugins compatible for Editor in 53.88 ms, found 1 plugins.
Preloading 0 native plugins for Editor in 0.00 ms.
Mono: successfully reloaded assembly
- Completed reload, in  1.438 seconds
Platform modules already initialized, skipping
========================================================================
Worker process is ready to serve import requests
Launched and connected shader compiler UnityShaderCompiler.exe after 0.25 seconds
Refreshing native plugins compatible for Editor in 0.40 ms, found 1 plugins.
Preloading 0 native plugins for Editor in 0.00 ms.
Unloading 1819 Unused Serialized files (Serialized files now loaded: 0)
System memory in use before: 85.3 MB.
System memory in use after: 85.3 MB.

Unloading 24 unused Assets to reduce memory usage. Loaded Objects now: 2261.
Total: 2.493600 ms (FindLiveObjects: 0.198700 ms CreateObjectMapping: 0.212400 ms MarkObjects: 1.939900 ms  DeleteObjects: 0.141100 ms)

========================================================================
Received Import Request.
  path: Packages/com.unity.ide.visualstudio
  artifactKey: Guid(9db636ca49aa246019dd93b7c8b689f4) Importer(815301076,1909f56bfc062723c751e8b465ee728b)
Start importing Packages/com.unity.ide.visualstudio using Guid(9db636ca49aa246019dd93b7c8b689f4) Importer(815301076,1909f56bfc062723c751e8b465ee728b)  -> (artifact id: '97ec95a5506f2bdeeee79941468489e5') in 0.014085 seconds
  Import took 0.017348 seconds .

========================================================================
Received Import Request.
  Time since last request: 0.000478 seconds.
  path: Packages/com.unity.collab-proxy
  artifactKey: Guid(1adad61bfb44214ee3e887b5febc4396) Importer(815301076,1909f56bfc062723c751e8b465ee728b)
Start importing Packages/com.unity.collab-proxy using Guid(1adad61bfb44214ee3e887b5febc4396) Importer(815301076,1909f56bfc062723c751e8b465ee728b)  -> (artifact id: '7837b352734e5da8176d6703b10e0397') in 0.011276 seconds
  Import took 0.014571 seconds .

========================================================================
Received Import Request.
  Time since last request: 0.000378 seconds.
  path: Packages/com.unity.2d.pixel-perfect
  artifactKey: Guid(915dabe870142d4eb34a5dbf62d6df68) Importer(815301076,1909f56bfc062723c751e8b465ee728b)
Start importing Packages/com.unity.2d.pixel-perfect using Guid(915dabe870142d4eb34a5dbf62d6df68) Importer(815301076,1909f56bfc062723c751e8b465ee728b)  -> (artifact id: 'c2f3111682522c8c1cda9d548ab00918') in 0.012445 seconds
  Import took 0.015975 seconds .

========================================================================
Received Import Request.
  Time since last request: 0.000301 seconds.
  path: Packages/com.unity.2d.psdimporter
  artifactKey: Guid(89fcc900e56380574db74dc98ed08bf1) Importer(815301076,1909f56bfc062723c751e8b465ee728b)
Start importing Packages/com.unity.2d.psdimporter using Guid(89fcc900e56380574db74dc98ed08bf1) Importer(815301076,1909f56bfc062723c751e8b465ee728b)  -> (artifact id: '7f18ed5d63ff3e8299cced0cab7ab7fa') in 0.012534 seconds
  Import took 0.016196 seconds .

========================================================================
Received Import Request.
  Time since last request: 0.000430 seconds.
  path: Packages/com.unity.2d.sprite
  artifactKey: Guid(0901a6b758d060e9422c4f8d588d5895) Importer(815301076,1909f56bfc062723c751e8b465ee728b)
Start importing Packages/com.unity.2d.sprite using Guid(0901a6b758d060e9422c4f8d588d5895) Importer(815301076,1909f56bfc062723c751e8b465ee728b)  -> (artifact id: '1ac9f0859ed1eccac4506b3b2480e9d0') in 0.012757 seconds
  Import took 0.016267 seconds .

========================================================================
Received Import Request.
  Time since last request: 0.000346 seconds.
  path: Packages/com.unity.2d.tilemap
  artifactKey: Guid(4e00cf00a7281e0d7ee16a9f76f3c3bb) Importer(815301076,1909f56bfc062723c751e8b465ee728b)
Start importing Packages/com.unity.2d.tilemap using Guid(4e00cf00a7281e0d7ee16a9f76f3c3bb) Importer(815301076,1909f56bfc062723c751e8b465ee728b)  -> (artifact id: 'dd4db2989a23261ac4400a439f7f11f4') in 0.012637 seconds
  Import took 0.016295 seconds .

========================================================================
Received Import Request.
  Time since last request: 20.392173 seconds.
  path: Assets/GGEZ/PerfectPixelCamera
  artifactKey: Guid(42c8181603f6b44c88beae2f7de1c99e) Importer(815301076,1909f56bfc062723c751e8b465ee728b)
Start importing Assets/GGEZ/PerfectPixelCamera using Guid(42c8181603f6b44c88beae2f7de1c99e) Importer(815301076,1909f56bfc062723c751e8b465ee728b)  -> (artifact id: 'e804b3b71a1a0c7f11a1e2f3e53cbee2') in 0.010488 seconds
  Import took 0.014168 seconds .

========================================================================
Received Import Request.
  Time since last request: 0.000664 seconds.
  path: Assets/GGEZ/PerfectPixelCamera
  artifactKey: Guid(42c8181603f6b44c88beae2f7de1c99e) Importer(815301076,1909f56bfc062723c751e8b465ee728b)
Start importing Assets/GGEZ/PerfectPixelCamera using Guid(42c8181603f6b44c88beae2f7de1c99e) Importer(815301076,1909f56bfc062723c751e8b465ee728b)  -> (artifact id: 'e804b3b71a1a0c7f11a1e2f3e53cbee2') in 0.006688 seconds
  Import took 0.009522 seconds .

========================================================================
Received Import Request.
  Time since last request: 1.073775 seconds.
  path: Assets/GGEZ/PerfectPixelCamera/Scripts
  artifactKey: Guid(c76c0d37f4d334597b2d01eae7336125) Importer(815301076,1909f56bfc062723c751e8b465ee728b)
Start importing Assets/GGEZ/PerfectPixelCamera/Scripts using Guid(c76c0d37f4d334597b2d01eae7336125) Importer(815301076,1909f56bfc062723c751e8b465ee728b)  -> (artifact id: '760202402f9877804e98d4406bc15b14') in 0.009702 seconds
  Import took 0.012497 seconds .

========================================================================
Received Import Request.
  Time since last request: 2.556510 seconds.
  path: Assets/GGEZ/PerfectPixelCamera/Demo
  artifactKey: Guid(009197587e6f246448f881c5632d3d5d) Importer(815301076,1909f56bfc062723c751e8b465ee728b)
Start importing Assets/GGEZ/PerfectPixelCamera/Demo using Guid(009197587e6f246448f881c5632d3d5d) Importer(815301076,1909f56bfc062723c751e8b465ee728b)  -> (artifact id: '1f3a609c520e2c2097391811b5a3f287') in 0.012105 seconds
  Import took 0.015992 seconds .

========================================================================
Received Import Request.
  Time since last request: 0.991118 seconds.
  path: Assets/GGEZ/PerfectPixelCamera/Demo/Demo - Perfect Pixel Camera.unity
  artifactKey: Guid(9a8ffde0c0d564133826c3c9c602dfc2) Importer(815301076,1909f56bfc062723c751e8b465ee728b)
Start importing Assets/GGEZ/PerfectPixelCamera/Demo/Demo - Perfect Pixel Camera.unity using Guid(9a8ffde0c0d564133826c3c9c602dfc2) Importer(815301076,1909f56bfc062723c751e8b465ee728b)  -> (artifact id: '41601cbabe6f7311b9cafad6675a70fa') in 0.019449 seconds
  Import took 0.022015 seconds .

========================================================================
Received Import Request.
  Time since last request: 0.497429 seconds.
  path: Assets/GGEZ/PerfectPixelCamera/Demo/Assets
  artifactKey: Guid(a5dedc941c48f4cb090cf4c51d7e00a6) Importer(815301076,1909f56bfc062723c751e8b465ee728b)
Start importing Assets/GGEZ/PerfectPixelCamera/Demo/Assets using Guid(a5dedc941c48f4cb090cf4c51d7e00a6) Importer(815301076,1909f56bfc062723c751e8b465ee728b)  -> (artifact id: 'a41bfacc9a1cf23e1f5d396e5a94171a') in 0.012305 seconds
  Import took 0.015031 seconds .

========================================================================
Received Import Request.
  Time since last request: 0.048261 seconds.
  path: Assets/GGEZ/PerfectPixelCamera/Demo/Assets/OpenGameArt.org-Arkanos-CC0.png
  artifactKey: Guid(54979119c4d4e4d499a8b5eaa124eaed) Importer(815301076,1909f56bfc062723c751e8b465ee728b)
Start importing Assets/GGEZ/PerfectPixelCamera/Demo/Assets/OpenGameArt.org-Arkanos-CC0.png using Guid(54979119c4d4e4d499a8b5eaa124eaed) Importer(815301076,1909f56bfc062723c751e8b465ee728b)  -> (artifact id: '3a3d035af51057e058beda671d5bff95') in 0.448897 seconds
  Import took 0.451722 seconds .

========================================================================
Received Import Request.
  Time since last request: 0.000302 seconds.
  path: Assets/GGEZ/PerfectPixelCamera/Demo/Assets/ScreenDoor.png
  artifactKey: Guid(d28053756a7864921836379e05aafa4f) Importer(815301076,1909f56bfc062723c751e8b465ee728b)
Start importing Assets/GGEZ/PerfectPixelCamera/Demo/Assets/ScreenDoor.png using Guid(d28053756a7864921836379e05aafa4f) Importer(815301076,1909f56bfc062723c751e8b465ee728b)  -> (artifact id: '5a2a7302cb54959cecf4311610868208') in 0.025831 seconds
  Import took 0.028538 seconds .

========================================================================
Received Import Request.
  Time since last request: 0.001516 seconds.
  path: Assets/GGEZ/PerfectPixelCamera/Demo/Assets/ScreenDoor.png
  artifactKey: Guid(d28053756a7864921836379e05aafa4f) Importer(815301076,1909f56bfc062723c751e8b465ee728b)
Start importing Assets/GGEZ/PerfectPixelCamera/Demo/Assets/ScreenDoor.png using Guid(d28053756a7864921836379e05aafa4f) Importer(815301076,1909f56bfc062723c751e8b465ee728b)  -> (artifact id: '5a2a7302cb54959cecf4311610868208') in 0.018177 seconds
  Import took 0.021198 seconds .

========================================================================
Received Import Request.
  Time since last request: 0.601516 seconds.
  path: Assets/GGEZ/PerfectPixelCamera/Demo/Assets/ZoomDemo.cs
  artifactKey: Guid(b3a57b8ad54744e29a13985a5d4f398d) Importer(815301076,1909f56bfc062723c751e8b465ee728b)
Start importing Assets/GGEZ/PerfectPixelCamera/Demo/Assets/ZoomDemo.cs using Guid(b3a57b8ad54744e29a13985a5d4f398d) Importer(815301076,1909f56bfc062723c751e8b465ee728b)  -> (artifact id: 'b804c3cf655d72e7642fc7735bfac04a') in 0.011152 seconds
  Import took 0.014067 seconds .

========================================================================
Received Import Request.
  Time since last request: 0.003208 seconds.
  path: Assets/GGEZ/PerfectPixelCamera/Demo/Assets/ZoomDemo.cs
  artifactKey: Guid(b3a57b8ad54744e29a13985a5d4f398d) Importer(815301076,1909f56bfc062723c751e8b465ee728b)
Start importing Assets/GGEZ/PerfectPixelCamera/Demo/Assets/ZoomDemo.cs using Guid(b3a57b8ad54744e29a13985a5d4f398d) Importer(815301076,1909f56bfc062723c751e8b465ee728b)  -> (artifact id: 'b804c3cf655d72e7642fc7735bfac04a') in 0.005136 seconds
  Import took 0.008254 seconds .

========================================================================
Received Prepare
Registering precompiled user dll's ...
Registered in 0.001622 seconds.
Begin MonoManager ReloadAssembly
Native extension for WindowsStandalone target not found
Refreshing native plugins compatible for Editor in 0.69 ms, found 1 plugins.
Preloading 0 native plugins for Editor in 0.00 ms.
Mono: successfully reloaded assembly
- Completed reload, in  1.407 seconds
Platform modules already initialized, skipping
Refreshing native plugins compatible for Editor in 0.46 ms, found 1 plugins.
Preloading 0 native plugins for Editor in 0.00 ms.
Unloading 1814 Unused Serialized files (Serialized files now loaded: 0)
System memory in use before: 88.4 MB.
System memory in use after: 88.4 MB.

Unloading 12 unused Assets to reduce memory usage. Loaded Objects now: 2271.
Total: 2.751400 ms (FindLiveObjects: 0.224400 ms CreateObjectMapping: 0.125400 ms MarkObjects: 2.239700 ms  DeleteObjects: 0.160000 ms)

========================================================================
Received Import Request.
  Time since last request: 98.253937 seconds.
  path: Assets/GGEZ/PerfectPixelCamera/Demo/Assets/Thumbs.db
  artifactKey: Guid(f0f4d485a636f914d92448f4a8217d08) Importer(815301076,1909f56bfc062723c751e8b465ee728b)
Start importing Assets/GGEZ/PerfectPixelCamera/Demo/Assets/Thumbs.db using Guid(f0f4d485a636f914d92448f4a8217d08) Importer(815301076,1909f56bfc062723c751e8b465ee728b)  -> (artifact id: '8a462086b12637cd4fa3b8b72725cd9d') in 0.022721 seconds
  Import took 0.026308 seconds .

========================================================================
Received Import Request.
  Time since last request: 14.669721 seconds.
  path: Assets/GGEZ/PerfectPixelCamera/Scripts/PerfectPixelCamera.cs
  artifactKey: Guid(9f08a6f40d2ec4de981f811bfc829f87) Importer(815301076,1909f56bfc062723c751e8b465ee728b)
Start importing Assets/GGEZ/PerfectPixelCamera/Scripts/PerfectPixelCamera.cs using Guid(9f08a6f40d2ec4de981f811bfc829f87) Importer(815301076,1909f56bfc062723c751e8b465ee728b)  -> (artifact id: '62eb62aa3fa53be4b0274f8bffedc0f0') in 0.004970 seconds
  Import took 0.007817 seconds .

========================================================================
Received Import Request.
  Time since last request: 0.000765 seconds.
  path: Assets/GGEZ/PerfectPixelCamera/Scripts/PerfectPixelCamera.cs
  artifactKey: Guid(9f08a6f40d2ec4de981f811bfc829f87) Importer(815301076,1909f56bfc062723c751e8b465ee728b)
Start importing Assets/GGEZ/PerfectPixelCamera/Scripts/PerfectPixelCamera.cs using Guid(9f08a6f40d2ec4de981f811bfc829f87) Importer(815301076,1909f56bfc062723c751e8b465ee728b)  -> (artifact id: '62eb62aa3fa53be4b0274f8bffedc0f0') in 0.005259 seconds
  Import took 0.007909 seconds .

========================================================================
Received Prepare
Registering precompiled user dll's ...
Registered in 0.001832 seconds.
Begin MonoManager ReloadAssembly
Native extension for WindowsStandalone target not found
Refreshing native plugins compatible for Editor in 0.47 ms, found 1 plugins.
Preloading 0 native plugins for Editor in 0.00 ms.
Mono: successfully reloaded assembly
- Completed reload, in  1.317 seconds
Platform modules already initialized, skipping
Refreshing native plugins compatible for Editor in 0.46 ms, found 1 plugins.
Preloading 0 native plugins for Editor in 0.00 ms.
Unloading 1814 Unused Serialized files (Serialized files now loaded: 0)
System memory in use before: 88.4 MB.
System memory in use after: 88.4 MB.

Unloading 12 unused Assets to reduce memory usage. Loaded Objects now: 2275.
Total: 2.911400 ms (FindLiveObjects: 0.249000 ms CreateObjectMapping: 0.134400 ms MarkObjects: 2.376800 ms  DeleteObjects: 0.149400 ms)

========================================================================
Received Import Request.
  Time since last request: 100.558277 seconds.
  path: Assets/Scenes/StartStage.unity
  artifactKey: Guid(0b9b0cdcf229350439c7a64ee87bb9cc) Importer(815301076,1909f56bfc062723c751e8b465ee728b)
Start importing Assets/Scenes/StartStage.unity using Guid(0b9b0cdcf229350439c7a64ee87bb9cc) Importer(815301076,1909f56bfc062723c751e8b465ee728b)  -> (artifact id: '020ee29da7d8ccafde3dcf8592dabe19') in 0.019079 seconds
  Import took 0.021916 seconds .

========================================================================
Received Prepare
Registering precompiled user dll's ...
Registered in 0.001663 seconds.
Begin MonoManager ReloadAssembly
Native extension for WindowsStandalone target not found
Refreshing native plugins compatible for Editor in 0.54 ms, found 1 plugins.
Preloading 0 native plugins for Editor in 0.00 ms.
Mono: successfully reloaded assembly
- Completed reload, in  1.572 seconds
Platform modules already initialized, skipping
Refreshing native plugins compatible for Editor in 0.47 ms, found 1 plugins.
Preloading 0 native plugins for Editor in 0.00 ms.
Unloading 1814 Unused Serialized files (Serialized files now loaded: 0)
System memory in use before: 88.5 MB.
System memory in use after: 88.4 MB.

Unloading 12 unused Assets to reduce memory usage. Loaded Objects now: 2279.
Total: 3.115200 ms (FindLiveObjects: 0.257900 ms CreateObjectMapping: 0.116900 ms MarkObjects: 2.581500 ms  DeleteObjects: 0.157000 ms)

========================================================================
Received Prepare
Registering precompiled user dll's ...
Registered in 0.001776 seconds.
Begin MonoManager ReloadAssembly
Native extension for WindowsStandalone target not found
Refreshing native plugins compatible for Editor in 0.47 ms, found 1 plugins.
Preloading 0 native plugins for Editor in 0.00 ms.
Mono: successfully reloaded assembly
- Completed reload, in  1.382 seconds
Platform modules already initialized, skipping
Refreshing native plugins compatible for Editor in 0.48 ms, found 1 plugins.
Preloading 0 native plugins for Editor in 0.00 ms.
Unloading 1814 Unused Serialized files (Serialized files now loaded: 0)
System memory in use before: 88.5 MB.
System memory in use after: 88.4 MB.

Unloading 12 unused Assets to reduce memory usage. Loaded Objects now: 2283.
Total: 3.289200 ms (FindLiveObjects: 0.334600 ms CreateObjectMapping: 0.168400 ms MarkObjects: 2.630500 ms  DeleteObjects: 0.153400 ms)

========================================================================
Received Prepare
Registering precompiled user dll's ...
Registered in 0.002504 seconds.
Begin MonoManager ReloadAssembly
Native extension for WindowsStandalone target not found
Refreshing native plugins compatible for Editor in 0.86 ms, found 1 plugins.
Preloading 0 native plugins for Editor in 0.00 ms.
Mono: successfully reloaded assembly
- Completed reload, in  1.770 seconds
Platform modules already initialized, skipping
Refreshing native plugins compatible for Editor in 0.50 ms, found 1 plugins.
Preloading 0 native plugins for Editor in 0.00 ms.
Unloading 1814 Unused Serialized files (Serialized files now loaded: 0)
System memory in use before: 88.5 MB.
System memory in use after: 88.5 MB.

Unloading 12 unused Assets to reduce memory usage. Loaded Objects now: 2287.
Total: 3.119800 ms (FindLiveObjects: 0.291100 ms CreateObjectMapping: 0.144700 ms MarkObjects: 2.522300 ms  DeleteObjects: 0.159900 ms)

